This file contains any messages produced by compilers while
running configure, to aid debugging if configure makes a mistake.

It was created by nox configure 0.9.0(zaku)~full~beta, which was
generated by GNU Autoconf 2.67.  Invocation command line was

  $ ../configure 

## --------- ##
## Platform. ##
## --------- ##

hostname = CPqD037002
uname -m = i686
uname -r = 2.6.38-13-generic-pae
uname -s = Linux
uname -v = #55-Ubuntu SMP Tue Jan 24 15:54:51 UTC 2012

/usr/bin/uname -p = unknown
/bin/uname -X     = unknown

/bin/arch              = unknown
/usr/bin/arch -k       = unknown
/usr/convex/getsysinfo = unknown
/usr/bin/hostinfo      = unknown
/bin/machine           = unknown
/usr/bin/oslevel       = unknown
/bin/universe          = unknown

PATH: /home/eder/local/node/bin
PATH: /home/eder/local/node/bin
PATH: /home/eder/local/node/bin
PATH: /usr/local/sbin
PATH: /usr/local/bin
PATH: /usr/sbin
PATH: /usr/bin
PATH: /sbin
PATH: /bin
PATH: /usr/games


## ----------- ##
## Core tests. ##
## ----------- ##

configure:2571: checking build number
configure:2589: result: none
configure:2626: checking for a BSD-compatible install
configure:2694: result: /usr/bin/install -c
configure:2705: checking whether build environment is sane
configure:2755: result: yes
configure:2896: checking for a thread-safe mkdir -p
configure:2935: result: /bin/mkdir -p
configure:2948: checking for gawk
configure:2978: result: no
configure:2948: checking for mawk
configure:2964: found /usr/bin/mawk
configure:2975: result: mawk
configure:2986: checking whether make sets $(MAKE)
configure:3008: result: yes
configure:3083: checking how to create a ustar tar archive
configure:3096: tar --version
tar (GNU tar) 1.25
Copyright (C) 2010 Free Software Foundation, Inc.
License GPLv3+: GNU GPL version 3 or later <http://gnu.org/licenses/gpl.html>.
This is free software: you are free to change and redistribute it.
There is NO WARRANTY, to the extent permitted by law.

Written by John Gilmore and Jay Fenlason.
configure:3099: $? = 0
configure:3139: tardir=conftest.dir && eval tar --format=ustar -chf - "$tardir" >conftest.tar
configure:3142: $? = 0
configure:3146: tar -xf - <conftest.tar
configure:3149: $? = 0
configure:3162: result: gnutar
configure:3228: checking for g++
configure:3244: found /usr/bin/g++
configure:3255: result: g++
configure:3282: checking for C++ compiler version
configure:3291: g++ --version >&5
g++ (Ubuntu/Linaro 4.5.2-8ubuntu4) 4.5.2
Copyright (C) 2010 Free Software Foundation, Inc.
This is free software; see the source for copying conditions.  There is NO
warranty; not even for MERCHANTABILITY or FITNESS FOR A PARTICULAR PURPOSE.

configure:3302: $? = 0
configure:3291: g++ -v >&5
Using built-in specs.
COLLECT_GCC=g++
COLLECT_LTO_WRAPPER=/usr/lib/i386-linux-gnu/gcc/i686-linux-gnu/4.5.2/lto-wrapper
Target: i686-linux-gnu
Configured with: ../src/configure -v --with-pkgversion='Ubuntu/Linaro 4.5.2-8ubuntu4' --with-bugurl=file:///usr/share/doc/gcc-4.5/README.Bugs --enable-languages=c,c++,fortran,objc,obj-c++ --prefix=/usr --program-suffix=-4.5 --enable-shared --enable-multiarch --with-multiarch-defaults=i386-linux-gnu --enable-linker-build-id --with-system-zlib --libexecdir=/usr/lib/i386-linux-gnu --without-included-gettext --enable-threads=posix --with-gxx-include-dir=/usr/include/c++/4.5 --libdir=/usr/lib/i386-linux-gnu --enable-nls --with-sysroot=/ --enable-clocale=gnu --enable-libstdcxx-debug --enable-libstdcxx-time=yes --enable-plugin --enable-gold --enable-ld=default --with-plugin-ld=ld.gold --enable-objc-gc --enable-targets=all --disable-werror --with-arch-32=i686 --with-tune=generic --enable-checking=release --build=i686-linux-gnu --host=i686-linux-gnu --target=i686-linux-gnu
Thread model: posix
gcc version 4.5.2 (Ubuntu/Linaro 4.5.2-8ubuntu4) 
configure:3302: $? = 0
configure:3291: g++ -V >&5
g++: '-V' option must have argument
configure:3302: $? = 1
configure:3291: g++ -qversion >&5
g++: unrecognized option '-qversion'
g++: no input files
configure:3302: $? = 1
configure:3322: checking whether the C++ compiler works
configure:3344: g++    conftest.cpp  >&5
configure:3348: $? = 0
configure:3396: result: yes
configure:3399: checking for C++ compiler default output file name
configure:3401: result: a.out
configure:3407: checking for suffix of executables
configure:3414: g++ -o conftest    conftest.cpp  >&5
configure:3418: $? = 0
configure:3440: result: 
configure:3462: checking whether we are cross compiling
configure:3470: g++ -o conftest    conftest.cpp  >&5
configure:3474: $? = 0
configure:3481: ./conftest
configure:3485: $? = 0
configure:3500: result: no
configure:3505: checking for suffix of object files
configure:3527: g++ -c   conftest.cpp >&5
configure:3531: $? = 0
configure:3552: result: o
configure:3556: checking whether we are using the GNU C++ compiler
configure:3575: g++ -c   conftest.cpp >&5
configure:3575: $? = 0
configure:3584: result: yes
configure:3593: checking whether g++ accepts -g
configure:3613: g++ -c -g  conftest.cpp >&5
configure:3613: $? = 0
configure:3654: result: yes
configure:3688: checking for style of include used by make
configure:3716: result: GNU
configure:3741: checking dependency style of g++
configure:3851: result: gcc3
configure:3914: checking for gcc
configure:3930: found /usr/bin/gcc
configure:3941: result: gcc
configure:4170: checking for C compiler version
configure:4179: gcc --version >&5
gcc (Ubuntu/Linaro 4.5.2-8ubuntu4) 4.5.2
Copyright (C) 2010 Free Software Foundation, Inc.
This is free software; see the source for copying conditions.  There is NO
warranty; not even for MERCHANTABILITY or FITNESS FOR A PARTICULAR PURPOSE.

configure:4190: $? = 0
configure:4179: gcc -v >&5
Using built-in specs.
COLLECT_GCC=gcc
COLLECT_LTO_WRAPPER=/usr/lib/i386-linux-gnu/gcc/i686-linux-gnu/4.5.2/lto-wrapper
Target: i686-linux-gnu
Configured with: ../src/configure -v --with-pkgversion='Ubuntu/Linaro 4.5.2-8ubuntu4' --with-bugurl=file:///usr/share/doc/gcc-4.5/README.Bugs --enable-languages=c,c++,fortran,objc,obj-c++ --prefix=/usr --program-suffix=-4.5 --enable-shared --enable-multiarch --with-multiarch-defaults=i386-linux-gnu --enable-linker-build-id --with-system-zlib --libexecdir=/usr/lib/i386-linux-gnu --without-included-gettext --enable-threads=posix --with-gxx-include-dir=/usr/include/c++/4.5 --libdir=/usr/lib/i386-linux-gnu --enable-nls --with-sysroot=/ --enable-clocale=gnu --enable-libstdcxx-debug --enable-libstdcxx-time=yes --enable-plugin --enable-gold --enable-ld=default --with-plugin-ld=ld.gold --enable-objc-gc --enable-targets=all --disable-werror --with-arch-32=i686 --with-tune=generic --enable-checking=release --build=i686-linux-gnu --host=i686-linux-gnu --target=i686-linux-gnu
Thread model: posix
gcc version 4.5.2 (Ubuntu/Linaro 4.5.2-8ubuntu4) 
configure:4190: $? = 0
configure:4179: gcc -V >&5
gcc: '-V' option must have argument
configure:4190: $? = 1
configure:4179: gcc -qversion >&5
gcc: unrecognized option '-qversion'
gcc: no input files
configure:4190: $? = 1
configure:4194: checking whether we are using the GNU C compiler
configure:4213: gcc -c   conftest.c >&5
configure:4213: $? = 0
configure:4222: result: yes
configure:4231: checking whether gcc accepts -g
configure:4251: gcc -c -g  conftest.c >&5
configure:4251: $? = 0
configure:4292: result: yes
configure:4309: checking for gcc option to accept ISO C89
configure:4373: gcc  -c -g -O2  conftest.c >&5
configure:4373: $? = 0
configure:4386: result: none needed
configure:4408: checking dependency style of gcc
configure:4518: result: gcc3
configure:4538: checking how to run the C preprocessor
configure:4569: gcc -E  conftest.c
configure:4569: $? = 0
configure:4583: gcc -E  conftest.c
conftest.c:13:28: fatal error: ac_nonexistent.h: No such file or directory
compilation terminated.
configure:4583: $? = 1
configure: failed program was:
| /* confdefs.h */
| #define PACKAGE_NAME "nox"
| #define PACKAGE_TARNAME "nox"
| #define PACKAGE_VERSION "0.9.0(zaku)~full~beta"
| #define PACKAGE_STRING "nox 0.9.0(zaku)~full~beta"
| #define PACKAGE_BUGREPORT "contact@noxrepo.org"
| #define PACKAGE_URL ""
| #define BUILDNR 0
| #define BUILDNR_SUFFIX ""
| #define PACKAGE "nox"
| #define VERSION "0.9.0(zaku)~full~beta"
| /* end confdefs.h.  */
| #include <ac_nonexistent.h>
configure:4608: result: gcc -E
configure:4628: gcc -E  conftest.c
configure:4628: $? = 0
configure:4642: gcc -E  conftest.c
conftest.c:13:28: fatal error: ac_nonexistent.h: No such file or directory
compilation terminated.
configure:4642: $? = 1
configure: failed program was:
| /* confdefs.h */
| #define PACKAGE_NAME "nox"
| #define PACKAGE_TARNAME "nox"
| #define PACKAGE_VERSION "0.9.0(zaku)~full~beta"
| #define PACKAGE_STRING "nox 0.9.0(zaku)~full~beta"
| #define PACKAGE_BUGREPORT "contact@noxrepo.org"
| #define PACKAGE_URL ""
| #define BUILDNR 0
| #define BUILDNR_SUFFIX ""
| #define PACKAGE "nox"
| #define VERSION "0.9.0(zaku)~full~beta"
| /* end confdefs.h.  */
| #include <ac_nonexistent.h>
configure:4673: checking for grep that handles long lines and -e
configure:4731: result: /bin/grep
configure:4736: checking for egrep
configure:4798: result: /bin/grep -E
configure:4803: checking for ANSI C header files
configure:4823: gcc -c -g -O2  conftest.c >&5
configure:4823: $? = 0
configure:4896: gcc -o conftest -g -O2   conftest.c  >&5
configure:4896: $? = 0
configure:4896: ./conftest
configure:4896: $? = 0
configure:4907: result: yes
configure:4920: checking for sys/types.h
configure:4920: gcc -c -g -O2  conftest.c >&5
configure:4920: $? = 0
configure:4920: result: yes
configure:4920: checking for sys/stat.h
configure:4920: gcc -c -g -O2  conftest.c >&5
configure:4920: $? = 0
configure:4920: result: yes
configure:4920: checking for stdlib.h
configure:4920: gcc -c -g -O2  conftest.c >&5
configure:4920: $? = 0
configure:4920: result: yes
configure:4920: checking for string.h
configure:4920: gcc -c -g -O2  conftest.c >&5
configure:4920: $? = 0
configure:4920: result: yes
configure:4920: checking for memory.h
configure:4920: gcc -c -g -O2  conftest.c >&5
configure:4920: $? = 0
configure:4920: result: yes
configure:4920: checking for strings.h
configure:4920: gcc -c -g -O2  conftest.c >&5
configure:4920: $? = 0
configure:4920: result: yes
configure:4920: checking for inttypes.h
configure:4920: gcc -c -g -O2  conftest.c >&5
configure:4920: $? = 0
configure:4920: result: yes
configure:4920: checking for stdint.h
configure:4920: gcc -c -g -O2  conftest.c >&5
configure:4920: $? = 0
configure:4920: result: yes
configure:4920: checking for unistd.h
configure:4920: gcc -c -g -O2  conftest.c >&5
configure:4920: $? = 0
configure:4920: result: yes
configure:4933: checking minix/config.h usability
configure:4933: gcc -c -g -O2  conftest.c >&5
conftest.c:56:26: fatal error: minix/config.h: No such file or directory
compilation terminated.
configure:4933: $? = 1
configure: failed program was:
| /* confdefs.h */
| #define PACKAGE_NAME "nox"
| #define PACKAGE_TARNAME "nox"
| #define PACKAGE_VERSION "0.9.0(zaku)~full~beta"
| #define PACKAGE_STRING "nox 0.9.0(zaku)~full~beta"
| #define PACKAGE_BUGREPORT "contact@noxrepo.org"
| #define PACKAGE_URL ""
| #define BUILDNR 0
| #define BUILDNR_SUFFIX ""
| #define PACKAGE "nox"
| #define VERSION "0.9.0(zaku)~full~beta"
| #define STDC_HEADERS 1
| #define HAVE_SYS_TYPES_H 1
| #define HAVE_SYS_STAT_H 1
| #define HAVE_STDLIB_H 1
| #define HAVE_STRING_H 1
| #define HAVE_MEMORY_H 1
| #define HAVE_STRINGS_H 1
| #define HAVE_INTTYPES_H 1
| #define HAVE_STDINT_H 1
| #define HAVE_UNISTD_H 1
| /* end confdefs.h.  */
| #include <stdio.h>
| #ifdef HAVE_SYS_TYPES_H
| # include <sys/types.h>
| #endif
| #ifdef HAVE_SYS_STAT_H
| # include <sys/stat.h>
| #endif
| #ifdef STDC_HEADERS
| # include <stdlib.h>
| # include <stddef.h>
| #else
| # ifdef HAVE_STDLIB_H
| #  include <stdlib.h>
| # endif
| #endif
| #ifdef HAVE_STRING_H
| # if !defined STDC_HEADERS && defined HAVE_MEMORY_H
| #  include <memory.h>
| # endif
| # include <string.h>
| #endif
| #ifdef HAVE_STRINGS_H
| # include <strings.h>
| #endif
| #ifdef HAVE_INTTYPES_H
| # include <inttypes.h>
| #endif
| #ifdef HAVE_STDINT_H
| # include <stdint.h>
| #endif
| #ifdef HAVE_UNISTD_H
| # include <unistd.h>
| #endif
| #include <minix/config.h>
configure:4933: result: no
configure:4933: checking minix/config.h presence
configure:4933: gcc -E  conftest.c
conftest.c:23:26: fatal error: minix/config.h: No such file or directory
compilation terminated.
configure:4933: $? = 1
configure: failed program was:
| /* confdefs.h */
| #define PACKAGE_NAME "nox"
| #define PACKAGE_TARNAME "nox"
| #define PACKAGE_VERSION "0.9.0(zaku)~full~beta"
| #define PACKAGE_STRING "nox 0.9.0(zaku)~full~beta"
| #define PACKAGE_BUGREPORT "contact@noxrepo.org"
| #define PACKAGE_URL ""
| #define BUILDNR 0
| #define BUILDNR_SUFFIX ""
| #define PACKAGE "nox"
| #define VERSION "0.9.0(zaku)~full~beta"
| #define STDC_HEADERS 1
| #define HAVE_SYS_TYPES_H 1
| #define HAVE_SYS_STAT_H 1
| #define HAVE_STDLIB_H 1
| #define HAVE_STRING_H 1
| #define HAVE_MEMORY_H 1
| #define HAVE_STRINGS_H 1
| #define HAVE_INTTYPES_H 1
| #define HAVE_STDINT_H 1
| #define HAVE_UNISTD_H 1
| /* end confdefs.h.  */
| #include <minix/config.h>
configure:4933: result: no
configure:4933: checking for minix/config.h
configure:4933: result: no
configure:4954: checking whether it is safe to define __EXTENSIONS__
configure:4972: gcc -c -g -O2  conftest.c >&5
configure:4972: $? = 0
configure:4979: result: yes
configure:5000: checking for special C compiler options needed for large files
configure:5045: result: no
configure:5051: checking for _FILE_OFFSET_BITS value needed for large files
configure:5076: gcc -c -g -O2  conftest.c >&5
conftest.c:34:3: warning: left shift count >= width of type
conftest.c:34:3: warning: left shift count >= width of type
conftest.c:35:10: warning: left shift count >= width of type
conftest.c:35:10: warning: left shift count >= width of type
conftest.c:34:7: error: size of array 'off_t_is_large' is negative
conftest.c:36:9: warning: variably modified 'off_t_is_large' at file scope
configure:5076: $? = 1
configure: failed program was:
| /* confdefs.h */
| #define PACKAGE_NAME "nox"
| #define PACKAGE_TARNAME "nox"
| #define PACKAGE_VERSION "0.9.0(zaku)~full~beta"
| #define PACKAGE_STRING "nox 0.9.0(zaku)~full~beta"
| #define PACKAGE_BUGREPORT "contact@noxrepo.org"
| #define PACKAGE_URL ""
| #define BUILDNR 0
| #define BUILDNR_SUFFIX ""
| #define PACKAGE "nox"
| #define VERSION "0.9.0(zaku)~full~beta"
| #define STDC_HEADERS 1
| #define HAVE_SYS_TYPES_H 1
| #define HAVE_SYS_STAT_H 1
| #define HAVE_STDLIB_H 1
| #define HAVE_STRING_H 1
| #define HAVE_MEMORY_H 1
| #define HAVE_STRINGS_H 1
| #define HAVE_INTTYPES_H 1
| #define HAVE_STDINT_H 1
| #define HAVE_UNISTD_H 1
| #define __EXTENSIONS__ 1
| #define _ALL_SOURCE 1
| #define _GNU_SOURCE 1
| #define _POSIX_PTHREAD_SEMANTICS 1
| #define _TANDEM_SOURCE 1
| /* end confdefs.h.  */
| #include <sys/types.h>
|  /* Check that off_t can represent 2**63 - 1 correctly.
|     We can't simply define LARGE_OFF_T to be 9223372036854775807,
|     since some C++ compilers masquerading as C compilers
|     incorrectly reject 9223372036854775807.  */
| #define LARGE_OFF_T (((off_t) 1 << 62) - 1 + ((off_t) 1 << 62))
|   int off_t_is_large[(LARGE_OFF_T % 2147483629 == 721
| 		       && LARGE_OFF_T % 2147483647 == 1)
| 		      ? 1 : -1];
| int
| main ()
| {
| 
|   ;
|   return 0;
| }
configure:5100: gcc -c -g -O2  conftest.c >&5
configure:5100: $? = 0
configure:5108: result: 64
configure:5256: checking build system type
configure:5270: result: i686-pc-linux-gnu
configure:5290: checking host system type
configure:5303: result: i686-pc-linux-gnu
configure:5323: checking for a sed that does not truncate output
configure:5387: result: /bin/sed
configure:5405: checking for fgrep
configure:5467: result: /bin/grep -F
configure:5502: checking for ld used by gcc
configure:5569: result: /usr/bin/ld
configure:5576: checking if the linker (/usr/bin/ld) is GNU ld
configure:5591: result: yes
configure:5603: checking for BSD- or MS-compatible name lister (nm)
configure:5652: result: /usr/bin/nm -B
configure:5770: checking the name lister (/usr/bin/nm -B) interface
configure:5777: gcc -c -g -O2  conftest.c >&5
configure:5780: /usr/bin/nm -B "conftest.o"
configure:5783: output
00000000 B some_variable
configure:5790: result: BSD nm
configure:5793: checking whether ln -s works
configure:5797: result: yes
configure:5805: checking the maximum length of command line arguments
configure:5925: result: 1572864
configure:5942: checking whether the shell understands some XSI constructs
configure:5952: result: yes
configure:5956: checking whether the shell understands "+="
configure:5962: result: yes
configure:5997: checking for /usr/bin/ld option to reload object files
configure:6004: result: -r
configure:6073: checking for objdump
configure:6089: found /usr/bin/objdump
configure:6100: result: objdump
configure:6132: checking how to recognize dependent libraries
configure:6328: result: pass_all
configure:6388: checking for ar
configure:6404: found /usr/bin/ar
configure:6415: result: ar
configure:6493: checking for strip
configure:6509: found /usr/bin/strip
configure:6520: result: strip
configure:6592: checking for ranlib
configure:6608: found /usr/bin/ranlib
configure:6619: result: ranlib
configure:6709: checking command to parse /usr/bin/nm -B output from gcc object
configure:6827: gcc -c -g -O2  conftest.c >&5
configure:6830: $? = 0
configure:6834: /usr/bin/nm -B conftest.o \| sed -n -e 's/^.*[	 ]\([ABCDGIRSTW][ABCDGIRSTW]*\)[	 ][	 ]*\([_A-Za-z][_A-Za-z0-9]*\)$/\1 \2 \2/p' \> conftest.nm
configure:6837: $? = 0
configure:6891: gcc -o conftest -g -O2   conftest.c conftstm.o >&5
configure:6894: $? = 0
configure:6932: result: ok
configure:7737: checking for dlfcn.h
configure:7737: gcc -c -g -O2  conftest.c >&5
configure:7737: $? = 0
configure:7737: result: yes
configure:7862: checking for C++ compiler version
configure:7871: g++ --version >&5
g++ (Ubuntu/Linaro 4.5.2-8ubuntu4) 4.5.2
Copyright (C) 2010 Free Software Foundation, Inc.
This is free software; see the source for copying conditions.  There is NO
warranty; not even for MERCHANTABILITY or FITNESS FOR A PARTICULAR PURPOSE.

configure:7882: $? = 0
configure:7871: g++ -v >&5
Using built-in specs.
COLLECT_GCC=g++
COLLECT_LTO_WRAPPER=/usr/lib/i386-linux-gnu/gcc/i686-linux-gnu/4.5.2/lto-wrapper
Target: i686-linux-gnu
Configured with: ../src/configure -v --with-pkgversion='Ubuntu/Linaro 4.5.2-8ubuntu4' --with-bugurl=file:///usr/share/doc/gcc-4.5/README.Bugs --enable-languages=c,c++,fortran,objc,obj-c++ --prefix=/usr --program-suffix=-4.5 --enable-shared --enable-multiarch --with-multiarch-defaults=i386-linux-gnu --enable-linker-build-id --with-system-zlib --libexecdir=/usr/lib/i386-linux-gnu --without-included-gettext --enable-threads=posix --with-gxx-include-dir=/usr/include/c++/4.5 --libdir=/usr/lib/i386-linux-gnu --enable-nls --with-sysroot=/ --enable-clocale=gnu --enable-libstdcxx-debug --enable-libstdcxx-time=yes --enable-plugin --enable-gold --enable-ld=default --with-plugin-ld=ld.gold --enable-objc-gc --enable-targets=all --disable-werror --with-arch-32=i686 --with-tune=generic --enable-checking=release --build=i686-linux-gnu --host=i686-linux-gnu --target=i686-linux-gnu
Thread model: posix
gcc version 4.5.2 (Ubuntu/Linaro 4.5.2-8ubuntu4) 
configure:7882: $? = 0
configure:7871: g++ -V >&5
g++: '-V' option must have argument
configure:7882: $? = 1
configure:7871: g++ -qversion >&5
g++: unrecognized option '-qversion'
g++: no input files
configure:7882: $? = 1
configure:7886: checking whether we are using the GNU C++ compiler
configure:7914: result: yes
configure:7923: checking whether g++ accepts -g
configure:7984: result: yes
configure:8009: checking dependency style of g++
configure:8119: result: gcc3
configure:8142: checking how to run the C++ preprocessor
configure:8169: g++ -E  conftest.cpp
configure:8169: $? = 0
configure:8183: g++ -E  conftest.cpp
conftest.cpp:30:28: fatal error: ac_nonexistent.h: No such file or directory
compilation terminated.
configure:8183: $? = 1
configure: failed program was:
| /* confdefs.h */
| #define PACKAGE_NAME "nox"
| #define PACKAGE_TARNAME "nox"
| #define PACKAGE_VERSION "0.9.0(zaku)~full~beta"
| #define PACKAGE_STRING "nox 0.9.0(zaku)~full~beta"
| #define PACKAGE_BUGREPORT "contact@noxrepo.org"
| #define PACKAGE_URL ""
| #define BUILDNR 0
| #define BUILDNR_SUFFIX ""
| #define PACKAGE "nox"
| #define VERSION "0.9.0(zaku)~full~beta"
| #define STDC_HEADERS 1
| #define HAVE_SYS_TYPES_H 1
| #define HAVE_SYS_STAT_H 1
| #define HAVE_STDLIB_H 1
| #define HAVE_STRING_H 1
| #define HAVE_MEMORY_H 1
| #define HAVE_STRINGS_H 1
| #define HAVE_INTTYPES_H 1
| #define HAVE_STDINT_H 1
| #define HAVE_UNISTD_H 1
| #define __EXTENSIONS__ 1
| #define _ALL_SOURCE 1
| #define _GNU_SOURCE 1
| #define _POSIX_PTHREAD_SEMANTICS 1
| #define _TANDEM_SOURCE 1
| #define _FILE_OFFSET_BITS 64
| #define HAVE_DLFCN_H 1
| /* end confdefs.h.  */
| #include <ac_nonexistent.h>
configure:8208: result: g++ -E
configure:8228: g++ -E  conftest.cpp
configure:8228: $? = 0
configure:8242: g++ -E  conftest.cpp
conftest.cpp:30:28: fatal error: ac_nonexistent.h: No such file or directory
compilation terminated.
configure:8242: $? = 1
configure: failed program was:
| /* confdefs.h */
| #define PACKAGE_NAME "nox"
| #define PACKAGE_TARNAME "nox"
| #define PACKAGE_VERSION "0.9.0(zaku)~full~beta"
| #define PACKAGE_STRING "nox 0.9.0(zaku)~full~beta"
| #define PACKAGE_BUGREPORT "contact@noxrepo.org"
| #define PACKAGE_URL ""
| #define BUILDNR 0
| #define BUILDNR_SUFFIX ""
| #define PACKAGE "nox"
| #define VERSION "0.9.0(zaku)~full~beta"
| #define STDC_HEADERS 1
| #define HAVE_SYS_TYPES_H 1
| #define HAVE_SYS_STAT_H 1
| #define HAVE_STDLIB_H 1
| #define HAVE_STRING_H 1
| #define HAVE_MEMORY_H 1
| #define HAVE_STRINGS_H 1
| #define HAVE_INTTYPES_H 1
| #define HAVE_STDINT_H 1
| #define HAVE_UNISTD_H 1
| #define __EXTENSIONS__ 1
| #define _ALL_SOURCE 1
| #define _GNU_SOURCE 1
| #define _POSIX_PTHREAD_SEMANTICS 1
| #define _TANDEM_SOURCE 1
| #define _FILE_OFFSET_BITS 64
| #define HAVE_DLFCN_H 1
| /* end confdefs.h.  */
| #include <ac_nonexistent.h>
configure:8416: checking for objdir
configure:8431: result: .libs
configure:8723: checking if gcc supports -fno-rtti -fno-exceptions
configure:8741: gcc -c -g -O2  -fno-rtti -fno-exceptions conftest.c >&5
cc1: warning: command line option "-fno-rtti" is valid for C++/ObjC++ but not for C
configure:8745: $? = 0
configure:8758: result: no
configure:8778: checking for gcc option to produce PIC
configure:9050: result: -fPIC -DPIC
configure:9062: checking if gcc PIC flag -fPIC -DPIC works
configure:9080: gcc -c -g -O2  -fPIC -DPIC -DPIC conftest.c >&5
configure:9084: $? = 0
configure:9097: result: yes
configure:9121: checking if gcc static flag -static works
configure:9149: result: yes
configure:9164: checking if gcc supports -c -o file.o
configure:9185: gcc -c -g -O2  -o out/conftest2.o conftest.c >&5
configure:9189: $? = 0
configure:9211: result: yes
configure:9219: checking if gcc supports -c -o file.o
configure:9266: result: yes
configure:9299: checking whether the gcc linker (/usr/bin/ld) supports shared libraries
configure:10290: result: yes
configure:10327: checking whether -lc should be explicitly linked in
configure:10332: gcc -c -g -O2  conftest.c >&5
configure:10335: $? = 0
configure:10350: gcc -shared conftest.o  -v -Wl,-soname -Wl,conftest -o conftest 2\>\&1 \| /bin/grep  -lc  \>/dev/null 2\>\&1
configure:10353: $? = 0
configure:10365: result: no
configure:10529: checking dynamic linker characteristics
configure:10962: gcc -o conftest -g -O2   -Wl,-rpath -Wl,/foo conftest.c  >&5
configure:10962: $? = 0
configure:11192: result: GNU/Linux ld.so
configure:11294: checking how to hardcode library paths into programs
configure:11319: result: immediate
configure:11413: checking for shl_load
configure:11413: gcc -o conftest -g -O2   conftest.c  >&5
/tmp/cctzaqCa.o: In function `main':
/home/eder/Desktop/nox11oflib/src/conftest.c:65: undefined reference to `shl_load'
collect2: ld returned 1 exit status
configure:11413: $? = 1
configure: failed program was:
| /* confdefs.h */
| #define PACKAGE_NAME "nox"
| #define PACKAGE_TARNAME "nox"
| #define PACKAGE_VERSION "0.9.0(zaku)~full~beta"
| #define PACKAGE_STRING "nox 0.9.0(zaku)~full~beta"
| #define PACKAGE_BUGREPORT "contact@noxrepo.org"
| #define PACKAGE_URL ""
| #define BUILDNR 0
| #define BUILDNR_SUFFIX ""
| #define PACKAGE "nox"
| #define VERSION "0.9.0(zaku)~full~beta"
| #define STDC_HEADERS 1
| #define HAVE_SYS_TYPES_H 1
| #define HAVE_SYS_STAT_H 1
| #define HAVE_STDLIB_H 1
| #define HAVE_STRING_H 1
| #define HAVE_MEMORY_H 1
| #define HAVE_STRINGS_H 1
| #define HAVE_INTTYPES_H 1
| #define HAVE_STDINT_H 1
| #define HAVE_UNISTD_H 1
| #define __EXTENSIONS__ 1
| #define _ALL_SOURCE 1
| #define _GNU_SOURCE 1
| #define _POSIX_PTHREAD_SEMANTICS 1
| #define _TANDEM_SOURCE 1
| #define _FILE_OFFSET_BITS 64
| #define HAVE_DLFCN_H 1
| #define LT_OBJDIR ".libs/"
| /* end confdefs.h.  */
| /* Define shl_load to an innocuous variant, in case <limits.h> declares shl_load.
|    For example, HP-UX 11i <limits.h> declares gettimeofday.  */
| #define shl_load innocuous_shl_load
| 
| /* System header to define __stub macros and hopefully few prototypes,
|     which can conflict with char shl_load (); below.
|     Prefer <limits.h> to <assert.h> if __STDC__ is defined, since
|     <limits.h> exists even on freestanding compilers.  */
| 
| #ifdef __STDC__
| # include <limits.h>
| #else
| # include <assert.h>
| #endif
| 
| #undef shl_load
| 
| /* Override any GCC internal prototype to avoid an error.
|    Use char because int might match the return type of a GCC
|    builtin and then its argument prototype would still apply.  */
| #ifdef __cplusplus
| extern "C"
| #endif
| char shl_load ();
| /* The GNU C library defines this for functions which it implements
|     to always fail with ENOSYS.  Some functions are actually named
|     something starting with __ and the normal name is an alias.  */
| #if defined __stub_shl_load || defined __stub___shl_load
| choke me
| #endif
| 
| int
| main ()
| {
| return shl_load ();
|   ;
|   return 0;
| }
configure:11413: result: no
configure:11417: checking for shl_load in -ldld
configure:11442: gcc -o conftest -g -O2   conftest.c -ldld   >&5
/usr/bin/ld: cannot find -ldld
collect2: ld returned 1 exit status
configure:11442: $? = 1
configure: failed program was:
| /* confdefs.h */
| #define PACKAGE_NAME "nox"
| #define PACKAGE_TARNAME "nox"
| #define PACKAGE_VERSION "0.9.0(zaku)~full~beta"
| #define PACKAGE_STRING "nox 0.9.0(zaku)~full~beta"
| #define PACKAGE_BUGREPORT "contact@noxrepo.org"
| #define PACKAGE_URL ""
| #define BUILDNR 0
| #define BUILDNR_SUFFIX ""
| #define PACKAGE "nox"
| #define VERSION "0.9.0(zaku)~full~beta"
| #define STDC_HEADERS 1
| #define HAVE_SYS_TYPES_H 1
| #define HAVE_SYS_STAT_H 1
| #define HAVE_STDLIB_H 1
| #define HAVE_STRING_H 1
| #define HAVE_MEMORY_H 1
| #define HAVE_STRINGS_H 1
| #define HAVE_INTTYPES_H 1
| #define HAVE_STDINT_H 1
| #define HAVE_UNISTD_H 1
| #define __EXTENSIONS__ 1
| #define _ALL_SOURCE 1
| #define _GNU_SOURCE 1
| #define _POSIX_PTHREAD_SEMANTICS 1
| #define _TANDEM_SOURCE 1
| #define _FILE_OFFSET_BITS 64
| #define HAVE_DLFCN_H 1
| #define LT_OBJDIR ".libs/"
| /* end confdefs.h.  */
| 
| /* Override any GCC internal prototype to avoid an error.
|    Use char because int might match the return type of a GCC
|    builtin and then its argument prototype would still apply.  */
| #ifdef __cplusplus
| extern "C"
| #endif
| char shl_load ();
| int
| main ()
| {
| return shl_load ();
|   ;
|   return 0;
| }
configure:11451: result: no
configure:11456: checking for dlopen
configure:11456: gcc -o conftest -g -O2   conftest.c  >&5
/tmp/cctYOOni.o: In function `main':
/home/eder/Desktop/nox11oflib/src/conftest.c:65: undefined reference to `dlopen'
collect2: ld returned 1 exit status
configure:11456: $? = 1
configure: failed program was:
| /* confdefs.h */
| #define PACKAGE_NAME "nox"
| #define PACKAGE_TARNAME "nox"
| #define PACKAGE_VERSION "0.9.0(zaku)~full~beta"
| #define PACKAGE_STRING "nox 0.9.0(zaku)~full~beta"
| #define PACKAGE_BUGREPORT "contact@noxrepo.org"
| #define PACKAGE_URL ""
| #define BUILDNR 0
| #define BUILDNR_SUFFIX ""
| #define PACKAGE "nox"
| #define VERSION "0.9.0(zaku)~full~beta"
| #define STDC_HEADERS 1
| #define HAVE_SYS_TYPES_H 1
| #define HAVE_SYS_STAT_H 1
| #define HAVE_STDLIB_H 1
| #define HAVE_STRING_H 1
| #define HAVE_MEMORY_H 1
| #define HAVE_STRINGS_H 1
| #define HAVE_INTTYPES_H 1
| #define HAVE_STDINT_H 1
| #define HAVE_UNISTD_H 1
| #define __EXTENSIONS__ 1
| #define _ALL_SOURCE 1
| #define _GNU_SOURCE 1
| #define _POSIX_PTHREAD_SEMANTICS 1
| #define _TANDEM_SOURCE 1
| #define _FILE_OFFSET_BITS 64
| #define HAVE_DLFCN_H 1
| #define LT_OBJDIR ".libs/"
| /* end confdefs.h.  */
| /* Define dlopen to an innocuous variant, in case <limits.h> declares dlopen.
|    For example, HP-UX 11i <limits.h> declares gettimeofday.  */
| #define dlopen innocuous_dlopen
| 
| /* System header to define __stub macros and hopefully few prototypes,
|     which can conflict with char dlopen (); below.
|     Prefer <limits.h> to <assert.h> if __STDC__ is defined, since
|     <limits.h> exists even on freestanding compilers.  */
| 
| #ifdef __STDC__
| # include <limits.h>
| #else
| # include <assert.h>
| #endif
| 
| #undef dlopen
| 
| /* Override any GCC internal prototype to avoid an error.
|    Use char because int might match the return type of a GCC
|    builtin and then its argument prototype would still apply.  */
| #ifdef __cplusplus
| extern "C"
| #endif
| char dlopen ();
| /* The GNU C library defines this for functions which it implements
|     to always fail with ENOSYS.  Some functions are actually named
|     something starting with __ and the normal name is an alias.  */
| #if defined __stub_dlopen || defined __stub___dlopen
| choke me
| #endif
| 
| int
| main ()
| {
| return dlopen ();
|   ;
|   return 0;
| }
configure:11456: result: no
configure:11460: checking for dlopen in -ldl
configure:11485: gcc -o conftest -g -O2   conftest.c -ldl   >&5
configure:11485: $? = 0
configure:11494: result: yes
configure:11613: checking whether a program can dlopen itself
configure:11683: gcc -o conftest -g -O2  -DHAVE_DLFCN_H  -Wl,--export-dynamic conftest.c -ldl  >&5
configure:11686: $? = 0
configure:11704: result: yes
configure:11709: checking whether a statically linked program can dlopen itself
configure:11779: gcc -o conftest -g -O2  -DHAVE_DLFCN_H  -Wl,--export-dynamic -static conftest.c -ldl  >&5
/tmp/ccNdjtvs.o: In function `main':
/home/eder/Desktop/nox11oflib/src/configure:11763: warning: Using 'dlopen' in statically linked applications requires at runtime the shared libraries from the glibc version used for linking
/usr/bin/ld: dynamic STT_GNU_IFUNC symbol `strcmp' with pointer equality in `/usr/lib/i386-linux-gnu/gcc/i686-linux-gnu/4.5.2/../../../libc.a(strcmp.o)' can not be used when making an executable; recompile with -fPIE and relink with -pie
collect2: ld returned 1 exit status
configure:11782: $? = 1
configure:11800: result: no
configure:11839: checking whether stripping libraries is possible
configure:11844: result: yes
configure:11879: checking if libtool supports shared libraries
configure:11881: result: yes
configure:11884: checking whether to build shared libraries
configure:11905: result: yes
configure:11908: checking whether to build static libraries
configure:11912: result: no
configure:12062: checking for ld used by g++
configure:12129: result: /usr/bin/ld
configure:12136: checking if the linker (/usr/bin/ld) is GNU ld
configure:12151: result: yes
configure:12206: checking whether the g++ linker (/usr/bin/ld) supports shared libraries
configure:13119: result: yes
configure:13147: g++ -c -g -O2  conftest.cpp >&5
configure:13150: $? = 0
configure:13332: checking for g++ option to produce PIC
configure:13649: result: -fPIC -DPIC
configure:13658: checking if g++ PIC flag -fPIC -DPIC works
configure:13676: g++ -c -g -O2  -fPIC -DPIC -DPIC conftest.cpp >&5
configure:13680: $? = 0
configure:13693: result: yes
configure:13714: checking if g++ static flag -static works
configure:13742: result: yes
configure:13754: checking if g++ supports -c -o file.o
configure:13775: g++ -c -g -O2  -o out/conftest2.o conftest.cpp >&5
configure:13779: $? = 0
configure:13801: result: yes
configure:13806: checking if g++ supports -c -o file.o
configure:13853: result: yes
configure:13883: checking whether the g++ linker (/usr/bin/ld) supports shared libraries
configure:13912: result: yes
configure:14049: checking dynamic linker characteristics
configure:14430: g++ -o conftest -g -O2   -Wl,-rpath -Wl,/foo conftest.cpp  >&5
configure:14430: $? = 0
configure:14660: result: GNU/Linux ld.so
configure:14711: checking how to hardcode library paths into programs
configure:14736: result: immediate
configure:14823: checking for fdatasync
configure:14823: gcc -o conftest -g -O2   conftest.c  >&5
configure:14823: $? = 0
configure:14823: result: yes
configure:14823: checking for ppoll
configure:14823: gcc -o conftest -g -O2   conftest.c  >&5
configure:14823: $? = 0
configure:14823: result: yes
configure:14866: checking for boostlib >= 1.34.1
configure:14916: g++ -c -g -O2  -I/usr/include conftest.cpp >&5
configure:14916: $? = 0
configure:14918: result: yes
configure:15083: checking whether the Boost::System library is available
configure:15107: g++ -c -g -O2  -I/usr/include conftest.cpp >&5
configure:15107: $? = 0
configure:15122: result: yes
configure:15137: checking for exit in -lboost_system-mt
configure:15162: gcc -o conftest -g -O2  -I/usr/include  -L/usr/lib conftest.c -lboost_system-mt   >&5
conftest.c:42:6: warning: conflicting types for built-in function 'exit'
configure:15162: $? = 0
configure:15172: result: yes
configure:15321: checking whether the Boost::Filesystem library is available
configure:15345: g++ -c -g -O2  -I/usr/include conftest.cpp >&5
configure:15345: $? = 0
configure:15359: result: yes
configure:15370: checking for exit in -lboost_filesystem-mt
configure:15395: gcc -o conftest -g -O2  -I/usr/include  -L/usr/lib conftest.c -lboost_filesystem-mt   >&5
conftest.c:43:6: warning: conflicting types for built-in function 'exit'
configure:15395: $? = 0
configure:15405: result: yes
configure:15527: checking pcap.h usability
configure:15527: gcc -c -g -O2  conftest.c >&5
configure:15527: $? = 0
configure:15527: result: yes
configure:15527: checking pcap.h presence
configure:15527: gcc -E  conftest.c
configure:15527: $? = 0
configure:15527: result: yes
configure:15527: checking for pcap.h
configure:15527: result: yes
configure:15552: checking openssl/md5.h usability
configure:15552: gcc -c -g -O2  conftest.c >&5
configure:15552: $? = 0
configure:15552: result: yes
configure:15552: checking openssl/md5.h presence
configure:15552: gcc -E  conftest.c
configure:15552: $? = 0
configure:15552: result: yes
configure:15552: checking for openssl/md5.h
configure:15552: result: yes
configure:15561: checking for MD5_Init in -lssl
configure:15586: gcc -o conftest -g -O2   conftest.c -lssl   >&5
/usr/bin/ld: /tmp/cc066CKr.o: undefined reference to symbol 'MD5_Init@@OPENSSL_0.9.8'
/usr/bin/ld: note: 'MD5_Init@@OPENSSL_0.9.8' is defined in DSO /lib/libcrypto.so.0.9.8 so try adding it to the linker command line
/lib/libcrypto.so.0.9.8: could not read symbols: Invalid operation
collect2: ld returned 1 exit status
configure:15586: $? = 1
configure: failed program was:
| /* confdefs.h */
| #define PACKAGE_NAME "nox"
| #define PACKAGE_TARNAME "nox"
| #define PACKAGE_VERSION "0.9.0(zaku)~full~beta"
| #define PACKAGE_STRING "nox 0.9.0(zaku)~full~beta"
| #define PACKAGE_BUGREPORT "contact@noxrepo.org"
| #define PACKAGE_URL ""
| #define BUILDNR 0
| #define BUILDNR_SUFFIX ""
| #define PACKAGE "nox"
| #define VERSION "0.9.0(zaku)~full~beta"
| #define STDC_HEADERS 1
| #define HAVE_SYS_TYPES_H 1
| #define HAVE_SYS_STAT_H 1
| #define HAVE_STDLIB_H 1
| #define HAVE_STRING_H 1
| #define HAVE_MEMORY_H 1
| #define HAVE_STRINGS_H 1
| #define HAVE_INTTYPES_H 1
| #define HAVE_STDINT_H 1
| #define HAVE_UNISTD_H 1
| #define __EXTENSIONS__ 1
| #define _ALL_SOURCE 1
| #define _GNU_SOURCE 1
| #define _POSIX_PTHREAD_SEMANTICS 1
| #define _TANDEM_SOURCE 1
| #define _FILE_OFFSET_BITS 64
| #define HAVE_DLFCN_H 1
| #define LT_OBJDIR ".libs/"
| #define HAVE_FDATASYNC 1
| #define HAVE_PPOLL 1
| #define HAVE_BOOST /**/
| #define HAVE_BOOST_SYSTEM /**/
| #define HAVE_BOOST_FILESYSTEM /**/
| #define HAVE_PCAP 1
| /* end confdefs.h.  */
| 
| /* Override any GCC internal prototype to avoid an error.
|    Use char because int might match the return type of a GCC
|    builtin and then its argument prototype would still apply.  */
| #ifdef __cplusplus
| extern "C"
| #endif
| char MD5_Init ();
| int
| main ()
| {
| return MD5_Init ();
|   ;
|   return 0;
| }
configure:15595: result: no
configure:15601: checking for MD5_Init in -lcrypto
configure:15626: gcc -o conftest -g -O2   conftest.c -lcrypto   >&5
configure:15626: $? = 0
configure:15635: result: yes
configure:15647: checking for openssl
configure:15663: found /usr/bin/openssl
configure:15675: result: yes
configure:15685: checking if SSL_CTX_new() can take a const argument
configure:15706: g++ -c -g -O2  conftest.cpp >&5
conftest.cpp: In function 'int main()':
conftest.cpp:43:33: error: invalid conversion from 'const SSL_METHOD*' to 'SSL_METHOD*'
conftest.cpp:43:33: error:   initializing argument 1 of 'SSL_CTX* SSL_CTX_new(SSL_METHOD*)'
configure:15706: $? = 1
configure: failed program was:
| /* confdefs.h */
| #define PACKAGE_NAME "nox"
| #define PACKAGE_TARNAME "nox"
| #define PACKAGE_VERSION "0.9.0(zaku)~full~beta"
| #define PACKAGE_STRING "nox 0.9.0(zaku)~full~beta"
| #define PACKAGE_BUGREPORT "contact@noxrepo.org"
| #define PACKAGE_URL ""
| #define BUILDNR 0
| #define BUILDNR_SUFFIX ""
| #define PACKAGE "nox"
| #define VERSION "0.9.0(zaku)~full~beta"
| #define STDC_HEADERS 1
| #define HAVE_SYS_TYPES_H 1
| #define HAVE_SYS_STAT_H 1
| #define HAVE_STDLIB_H 1
| #define HAVE_STRING_H 1
| #define HAVE_MEMORY_H 1
| #define HAVE_STRINGS_H 1
| #define HAVE_INTTYPES_H 1
| #define HAVE_STDINT_H 1
| #define HAVE_UNISTD_H 1
| #define __EXTENSIONS__ 1
| #define _ALL_SOURCE 1
| #define _GNU_SOURCE 1
| #define _POSIX_PTHREAD_SEMANTICS 1
| #define _TANDEM_SOURCE 1
| #define _FILE_OFFSET_BITS 64
| #define HAVE_DLFCN_H 1
| #define LT_OBJDIR ".libs/"
| #define HAVE_FDATASYNC 1
| #define HAVE_PPOLL 1
| #define HAVE_BOOST /**/
| #define HAVE_BOOST_SYSTEM /**/
| #define HAVE_BOOST_FILESYSTEM /**/
| #define HAVE_PCAP 1
| /* end confdefs.h.  */
| 
|     #include <openssl/ssl.h>
| 
| int
| main ()
| {
| SSL_CTX_new((const SSL_METHOD*)0);
|   ;
|   return 0;
| }
configure:15716: result: no
configure:15801: checking for linux/netlink.h
configure:15801: gcc -c -g -O2  conftest.c >&5
configure:15801: $? = 0
configure:15801: result: yes
configure:15826: checking whether thread-local storage with __thread is supported
configure:15845: gcc -o conftest -g -O2   conftest.c  >&5
configure:15845: $? = 0
configure:15846: result: yes
configure:15900: checking whether libc supports hooks for malloc and related functions
configure:15919: gcc -c -g -O2  conftest.c >&5
configure:15919: $? = 0
configure:15926: result: yes
configure:15937: checking for sphinx-build
configure:15970: result: no
configure:15976: WARNING: cannot find sphinx-build. While not build documentation
configure:15991: checking for doxygen
configure:16024: result: no
configure:16030: WARNING: cannot find doxygen. Will not build source documentation
configure:16106: checking for python
configure:16124: found /usr/bin/python
configure:16136: result: /usr/bin/python
configure:16152: checking for a version of Python >= '2.1.0'
configure:16178: result: yes
configure:16186: checking for a version of Python >='2.5'
configure:16192: result: yes
configure:16209: checking for the distutils Python package
configure:16213: result: yes
configure:16227: checking for Python include path
configure:16237: result: -I/usr/include/python2.7
configure:16244: checking for Python library path
configure:16266: result: -L/usr/lib/python2.7/config -lpython2.7
configure:16273: checking for Python site-packages path
configure:16279: result: /usr/lib/python2.7/dist-packages
configure:16286: checking python extra libraries
configure:16294: result: -lssl -lcrypto  -lssl -lcrypto      -L/usr/lib -lz -lpthread -ldl  -lutil -lm
configure:16301: checking python extra linking flags
configure:16308: result: -Xlinker -export-dynamic -Wl,-O1 -Wl,-Bsymbolic-functions
configure:16315: checking consistency of all components of python development environment
configure:16341: gcc -o conftest -g -O2  -I/usr/include/python2.7  conftest.c  -L/usr/lib/python2.7/config -lpython2.7 -lssl -lcrypto  -lssl -lcrypto      -L/usr/lib -lz -lpthread -ldl  -lutil -lm >&5
configure:16341: $? = 0
configure:16349: result: yes
configure:16381: checking whether twisted python is installed
configure:16392: result: yes
configure:16416: checking for swig
configure:16434: found /usr/bin/swig
configure:16446: result: /usr/bin/swig
configure:16459: checking for SWIG version
configure:16462: result: 1.3.40
configure:16504: SWIG executable is '/usr/bin/swig'
configure:16507: SWIG library directory is '/usr/share/swig1.3'
configure:16527: checking for SWIG 64-bit support
configure:16546: result: no
configure:16597: checking whether the Boost::Unit_Test_Framework library is available
configure:16620: g++ -c -g -O2  -I/usr/include conftest.cpp >&5
configure:16620: $? = 0
configure:16634: result: yes
configure:16647: checking for exit in -lboost_unit_test_framework-mt
configure:16672: gcc -o conftest -g -O2  -I/usr/include  -L/usr/lib conftest.c -lboost_unit_test_framework-mt   >&5
conftest.c:52:6: warning: conflicting types for built-in function 'exit'
configure:16672: $? = 0
configure:16682: result: yes
configure:16990: creating ./config.status

## ---------------------- ##
## Running config.status. ##
## ---------------------- ##

This file was extended by nox config.status 0.9.0(zaku)~full~beta, which was
generated by GNU Autoconf 2.67.  Invocation command line was

  CONFIG_FILES    = 
  CONFIG_HEADERS  = 
  CONFIG_LINKS    = 
  CONFIG_COMMANDS = 
  $ ./config.status 

on CPqD037002

config.status:1224: creating man/man1/Makefile
config.status:1224: creating man/man5/Makefile
config.status:1224: creating man/Makefile
config.status:1224: creating doc/manual/Makefile
config.status:1224: creating doc/doxygen/Makefile
config.status:1224: creating doc/Makefile
config.status:1224: creating src/tests/Makefile
config.status:1224: creating src/utilities/Makefile
config.status:1224: creating src/include/Makefile
config.status:1224: creating src/nox/coreapps/messenger/Makefile
config.status:1224: creating src/nox/coreapps/Makefile
config.status:1224: creating src/nox/coreapps/hub/Makefile
config.status:1224: creating src/nox/coreapps/switch/Makefile
config.status:1224: creating src/nox/coreapps/testharness/Makefile
config.status:1224: creating src/nox/Makefile
config.status:1224: creating src/nox/netapps/Makefile
config.status:1224: creating src/nox/netapps/discovery/Makefile
config.status:1224: creating src/Makefile
config.status:1224: creating src/oflib-exp/Makefile
config.status:1224: creating src/oflib/Makefile
config.status:1224: creating src/builtin/Makefile
config.status:1224: creating src/etc/Makefile
config.status:1224: creating src/lib/Makefile
config.status:1224: creating Makefile
config.status:1224: creating doc/doxygen/doxygen.conf
config.status:1224: creating config.h
config.status:1437: executing depfiles commands
config.status:1437: executing libtool commands

## ---------------- ##
## Cache variables. ##
## ---------------- ##

ac_cv_build=i686-pc-linux-gnu
ac_cv_c_compiler_gnu=yes
ac_cv_cxx_compiler_gnu=yes
ac_cv_env_CCC_set=
ac_cv_env_CCC_value=
ac_cv_env_CC_set=
ac_cv_env_CC_value=
ac_cv_env_CFLAGS_set=
ac_cv_env_CFLAGS_value=
ac_cv_env_CPPFLAGS_set=
ac_cv_env_CPPFLAGS_value=
ac_cv_env_CPP_set=
ac_cv_env_CPP_value=
ac_cv_env_CXXCPP_set=
ac_cv_env_CXXCPP_value=
ac_cv_env_CXXFLAGS_set=
ac_cv_env_CXXFLAGS_value=
ac_cv_env_CXX_set=
ac_cv_env_CXX_value=
ac_cv_env_LDFLAGS_set=
ac_cv_env_LDFLAGS_value=
ac_cv_env_LIBS_set=
ac_cv_env_LIBS_value=
ac_cv_env_PYTHON_VERSION_set=
ac_cv_env_PYTHON_VERSION_value=
ac_cv_env_build_alias_set=
ac_cv_env_build_alias_value=
ac_cv_env_host_alias_set=
ac_cv_env_host_alias_value=
ac_cv_env_target_alias_set=
ac_cv_env_target_alias_value=
ac_cv_func_dlopen=no
ac_cv_func_fdatasync=yes
ac_cv_func_ppoll=yes
ac_cv_func_shl_load=no
ac_cv_header_dlfcn_h=yes
ac_cv_header_inttypes_h=yes
ac_cv_header_linux_netlink_h=yes
ac_cv_header_memory_h=yes
ac_cv_header_minix_config_h=no
ac_cv_header_openssl_md5_h=yes
ac_cv_header_pcap_h=yes
ac_cv_header_stdc=yes
ac_cv_header_stdint_h=yes
ac_cv_header_stdlib_h=yes
ac_cv_header_string_h=yes
ac_cv_header_strings_h=yes
ac_cv_header_sys_stat_h=yes
ac_cv_header_sys_types_h=yes
ac_cv_header_unistd_h=yes
ac_cv_host=i686-pc-linux-gnu
ac_cv_lib_boost_filesystem_mt___exit=yes
ac_cv_lib_boost_system_mt___exit=yes
ac_cv_lib_boost_unit_test_framework_mt___exit=yes
ac_cv_lib_crypto_MD5_Init=yes
ac_cv_lib_dl_dlopen=yes
ac_cv_lib_dld_shl_load=no
ac_cv_lib_ssl_MD5_Init=no
ac_cv_objext=o
ac_cv_path_EGREP='/bin/grep -E'
ac_cv_path_FGREP='/bin/grep -F'
ac_cv_path_GREP=/bin/grep
ac_cv_path_PYTHON=/usr/bin/python
ac_cv_path_SED=/bin/sed
ac_cv_path_SWIG=/usr/bin/swig
ac_cv_path_install='/usr/bin/install -c'
ac_cv_path_mkdir=/bin/mkdir
ac_cv_prog_AWK=mawk
ac_cv_prog_CPP='gcc -E'
ac_cv_prog_CXXCPP='g++ -E'
ac_cv_prog_OPENSSL_PROG=yes
ac_cv_prog_ac_ct_AR=ar
ac_cv_prog_ac_ct_CC=gcc
ac_cv_prog_ac_ct_CXX=g++
ac_cv_prog_ac_ct_OBJDUMP=objdump
ac_cv_prog_ac_ct_RANLIB=ranlib
ac_cv_prog_ac_ct_STRIP=strip
ac_cv_prog_cc_c89=
ac_cv_prog_cc_g=yes
ac_cv_prog_cxx_g=yes
ac_cv_prog_make_make_set=yes
ac_cv_safe_to_define___extensions__=yes
ac_cv_sys_file_offset_bits=64
ac_cv_sys_largefile_CC=no
am_cv_CC_dependencies_compiler_type=gcc3
am_cv_CXX_dependencies_compiler_type=gcc3
am_cv_prog_tar_ustar=gnutar
ax_cv_boost_filesystem=yes
ax_cv_boost_system=yes
ax_cv_boost_unit_test_framework=yes
lt_cv_deplibs_check_method=pass_all
lt_cv_dlopen=dlopen
lt_cv_dlopen_libs=-ldl
lt_cv_dlopen_self=yes
lt_cv_dlopen_self_static=no
lt_cv_file_magic_cmd='$MAGIC_CMD'
lt_cv_file_magic_test_file=
lt_cv_ld_reload_flag=-r
lt_cv_nm_interface='BSD nm'
lt_cv_objdir=.libs
lt_cv_path_LD=/usr/bin/ld
lt_cv_path_LDCXX=/usr/bin/ld
lt_cv_path_NM='/usr/bin/nm -B'
lt_cv_prog_compiler_c_o=yes
lt_cv_prog_compiler_c_o_CXX=yes
lt_cv_prog_compiler_pic_works=yes
lt_cv_prog_compiler_pic_works_CXX=yes
lt_cv_prog_compiler_rtti_exceptions=no
lt_cv_prog_compiler_static_works=yes
lt_cv_prog_compiler_static_works_CXX=yes
lt_cv_prog_gnu_ld=yes
lt_cv_prog_gnu_ldcxx=yes
lt_cv_sys_global_symbol_pipe='sed -n -e '\''s/^.*[	 ]\([ABCDGIRSTW][ABCDGIRSTW]*\)[	 ][	 ]*\([_A-Za-z][_A-Za-z0-9]*\)$/\1 \2 \2/p'\'''
lt_cv_sys_global_symbol_to_c_name_address='sed -n -e '\''s/^: \([^ ]*\) $/  {\"\1\", (void *) 0},/p'\'' -e '\''s/^[ABCDGIRSTW]* \([^ ]*\) \([^ ]*\)$/  {"\2", (void *) \&\2},/p'\'''
lt_cv_sys_global_symbol_to_c_name_address_lib_prefix='sed -n -e '\''s/^: \([^ ]*\) $/  {\"\1\", (void *) 0},/p'\'' -e '\''s/^[ABCDGIRSTW]* \([^ ]*\) \(lib[^ ]*\)$/  {"\2", (void *) \&\2},/p'\'' -e '\''s/^[ABCDGIRSTW]* \([^ ]*\) \([^ ]*\)$/  {"lib\2", (void *) \&\2},/p'\'''
lt_cv_sys_global_symbol_to_cdecl='sed -n -e '\''s/^T .* \(.*\)$/extern int \1();/p'\'' -e '\''s/^[ABCDGIRSTW]* .* \(.*\)$/extern char \1;/p'\'''
lt_cv_sys_max_cmd_len=1572864
ofp_cv_malloc_hooks=yes

## ----------------- ##
## Output variables. ##
## ----------------- ##

ACLOCAL='${SHELL} /home/eder/Desktop/nox11oflib/config/missing --run aclocal-1.11'
ACTIVE_PACKAGES='  coreapps  netapps'
AMDEPBACKSLASH='\'
AMDEP_FALSE='#'
AMDEP_TRUE=''
AMTAR='${SHELL} /home/eder/Desktop/nox11oflib/config/missing --run tar'
AR='ar'
AUTOCONF='${SHELL} /home/eder/Desktop/nox11oflib/config/missing --run autoconf'
AUTOHEADER='${SHELL} /home/eder/Desktop/nox11oflib/config/missing --run autoheader'
AUTOMAKE='${SHELL} /home/eder/Desktop/nox11oflib/config/missing --run automake-1.11'
AWK='mawk'
BOOST_CPPFLAGS='-I/usr/include'
BOOST_FILESYSTEM_LIB='-lboost_filesystem-mt'
BOOST_LDFLAGS='-L/usr/lib'
BOOST_SYSTEM_LIB='-lboost_system-mt'
BOOST_UNIT_TEST_FRAMEWORK_LIB='-lboost_unit_test_framework-mt'
BUILDNR='0'
BUILDNR_SUFFIX=''
CC='gcc'
CCDEPMODE='depmode=gcc3'
CFLAGS='-g -O2'
COVERAGE_FALSE=''
COVERAGE_TRUE='#'
CPP='gcc -E'
CPPFLAGS=''
CXX='g++'
CXXCPP='g++ -E'
CXXDEPMODE='depmode=gcc3'
CXXFLAGS='-g -O2'
CYGPATH_W='echo'
DEFS='-DHAVE_CONFIG_H'
DEPDIR='.deps'
DOXYGEN=''
DSYMUTIL=''
DUMPBIN=''
ECHO_C=''
ECHO_N='-n'
ECHO_T=''
EGREP='/bin/grep -E'
EXEEXT=''
FGREP='/bin/grep -F'
GREP='/bin/grep'
HAVE_DOXYGEN_FALSE=''
HAVE_DOXYGEN_TRUE='#'
HAVE_NETAPPS_FALSE='#'
HAVE_NETAPPS_TRUE=''
HAVE_NETLINK_FALSE='#'
HAVE_NETLINK_TRUE=''
HAVE_PCAP_FALSE='#'
HAVE_PCAP_TRUE=''
HAVE_SPHINX_BUILD_FALSE=''
HAVE_SPHINX_BUILD_TRUE='#'
INSTALL_DATA='${INSTALL} -m 644'
INSTALL_PROGRAM='${INSTALL}'
INSTALL_SCRIPT='${INSTALL}'
INSTALL_STRIP_PROGRAM='$(install_sh) -c -s'
LD='/usr/bin/ld'
LDFLAGS=''
LIBOBJS=''
LIBS=''
LIBTOOL='$(SHELL) $(top_builddir)/libtool'
LIPO=''
LN_S='ln -s'
LTLIBOBJS=''
MAKEINFO='${SHELL} /home/eder/Desktop/nox11oflib/config/missing --run makeinfo'
MKDIR_P='/bin/mkdir -p'
MODULES_coreapps='testharness hub switch messenger #add coreapps component here '
MODULES_netapps='discovery #add netapps component here '
NDEBUG_FALSE=''
NDEBUG_TRUE='#'
NM='/usr/bin/nm -B'
NMEDIT=''
OBJDUMP='objdump'
OBJEXT='o'
OPENFLOW_CPPFLAGS='-I${top_srcdir}/src/include/openflow'
OPENSSL_PROG='yes'
OTOOL64=''
OTOOL=''
PACKAGE='nox'
PACKAGE_BUGREPORT='contact@noxrepo.org'
PACKAGE_NAME='nox'
PACKAGE_STRING='nox 0.9.0(zaku)~full~beta'
PACKAGE_TARNAME='nox'
PACKAGE_URL=''
PACKAGE_VERSION='0.9.0(zaku)~full~beta'
PATH_SEPARATOR=':'
PCAP_LDFLAGS='-lpcap'
PROFILING_FALSE=''
PROFILING_TRUE='#'
PYTHON='/usr/bin/python'
PYTHON_CPPFLAGS='-I/usr/include/python2.7'
PYTHON_EXTRA_LDFLAGS='-Xlinker -export-dynamic -Wl,-O1 -Wl,-Bsymbolic-functions'
PYTHON_EXTRA_LIBS='-lssl -lcrypto  -lssl -lcrypto      -L/usr/lib -lz -lpthread -ldl  -lutil -lm'
PYTHON_LDFLAGS='-L/usr/lib/python2.7/config -lpython2.7'
PYTHON_SITE_PKG='/usr/lib/python2.7/dist-packages'
PYTHON_VERSION=''
PY_ENABLED_FALSE='#'
PY_ENABLED_TRUE=''
RANLIB='ranlib'
SED='/bin/sed'
SET_MAKE=''
SHELL='/bin/bash'
SPHINX_BUILD=''
SSL_LIBS='-lssl -lcrypto'
STRIP='strip'
SWIG='/usr/bin/swig -c++'
SWIG_LIB='/usr/share/swig1.3'
SWIG_PYTHON_CPPFLAGS='-I/usr/include/python2.7'
SWIG_PYTHON_OPT='-python '
USE_LTDL_FALSE=''
USE_LTDL_TRUE='#'
VERSION='0.9.0(zaku)~full~beta'
VMDIR=''
ac_ct_CC='gcc'
ac_ct_CXX='g++'
ac_ct_DUMPBIN=''
am__EXEEXT_FALSE=''
am__EXEEXT_TRUE='#'
am__fastdepCC_FALSE='#'
am__fastdepCC_TRUE=''
am__fastdepCXX_FALSE='#'
am__fastdepCXX_TRUE=''
am__include='include'
am__isrc=' -I$(srcdir)'
am__leading_dot='.'
am__quote=''
am__tar='tar --format=ustar -chf - "$$tardir"'
am__untar='tar -xf -'
bindir='${exec_prefix}/bin'
build='i686-pc-linux-gnu'
build_alias=''
build_cpu='i686'
build_os='linux-gnu'
build_vendor='pc'
datadir='${datarootdir}'
datarootdir='${prefix}/share'
docdir='${datarootdir}/doc/${PACKAGE_TARNAME}'
dvidir='${docdir}'
exec_prefix='${prefix}'
host='i686-pc-linux-gnu'
host_alias=''
host_cpu='i686'
host_os='linux-gnu'
host_vendor='pc'
htmldir='${docdir}'
includedir='${prefix}/include'
infodir='${datarootdir}/info'
install_sh='${SHELL} /home/eder/Desktop/nox11oflib/config/install-sh'
libdir='${exec_prefix}/lib'
libexecdir='${exec_prefix}/libexec'
localedir='${datarootdir}/locale'
localstatedir='${prefix}/var'
lt_ECHO='echo'
mandir='${datarootdir}/man'
mkdir_p='/bin/mkdir -p'
oldincludedir='/usr/include'
pdfdir='${docdir}'
prefix='/usr/local'
program_transform_name='s,x,x,'
psdir='${docdir}'
sbindir='${exec_prefix}/sbin'
sharedstatedir='${prefix}/com'
sysconfdir='${prefix}/etc'
target_alias=''

## ----------- ##
## confdefs.h. ##
## ----------- ##

/* confdefs.h */
#define PACKAGE_NAME "nox"
#define PACKAGE_TARNAME "nox"
#define PACKAGE_VERSION "0.9.0(zaku)~full~beta"
#define PACKAGE_STRING "nox 0.9.0(zaku)~full~beta"
#define PACKAGE_BUGREPORT "contact@noxrepo.org"
#define PACKAGE_URL ""
#define BUILDNR 0
#define BUILDNR_SUFFIX ""
#define PACKAGE "nox"
#define VERSION "0.9.0(zaku)~full~beta"
#define STDC_HEADERS 1
#define HAVE_SYS_TYPES_H 1
#define HAVE_SYS_STAT_H 1
#define HAVE_STDLIB_H 1
#define HAVE_STRING_H 1
#define HAVE_MEMORY_H 1
#define HAVE_STRINGS_H 1
#define HAVE_INTTYPES_H 1
#define HAVE_STDINT_H 1
#define HAVE_UNISTD_H 1
#define __EXTENSIONS__ 1
#define _ALL_SOURCE 1
#define _GNU_SOURCE 1
#define _POSIX_PTHREAD_SEMANTICS 1
#define _TANDEM_SOURCE 1
#define _FILE_OFFSET_BITS 64
#define HAVE_DLFCN_H 1
#define LT_OBJDIR ".libs/"
#define HAVE_FDATASYNC 1
#define HAVE_PPOLL 1
#define HAVE_BOOST /**/
#define HAVE_BOOST_SYSTEM /**/
#define HAVE_BOOST_FILESYSTEM /**/
#define HAVE_PCAP 1
#define SSL_CONST /**/
#define HAVE_NETLINK 1
#define HAVE_TLS 1
#define HAVE_MALLOC_HOOKS 1
#define HAVE_coreapps 1
#define HAVE_netapps 1
#define TWISTED_ENABLED 1
#define HAVE_BOOST_UNIT_TEST_FRAMEWORK /**/

configure: exit 0
